<?xml version="1.0" encoding="UTF-8"?>
<!-- Generated by org.testng.reporters.JUnitXMLReporter -->
<testsuite hostname="ATMECSINLT-085" ignored="0" name="Test" tests="2" failures="1" timestamp="08 Nov 2019 15:30:10 GMT" time="17.683" errors="0">
  <testcase name="@BeforeClass webURLLoader" time="0.004" classname="com.atmecs.validate_ninja_store.testscripts.TestVerifyNinjaStore">
    <failure type="java.lang.NullPointerException" message="null value in entry: url=null">
      <![CDATA[java.lang.NullPointerException: null value in entry: url=null
at com.google.common.collect.CollectPreconditions.checkEntryNotNull(CollectPreconditions.java:32)
at com.google.common.collect.SingletonImmutableBiMap.<init>(SingletonImmutableBiMap.java:42)
at com.google.common.collect.ImmutableBiMap.of(ImmutableBiMap.java:72)
at com.google.common.collect.ImmutableMap.of(ImmutableMap.java:124)
at org.openqa.selenium.remote.RemoteWebDriver.get(RemoteWebDriver.java:277)
at com.atmecs.validate_ninja_store.testscripts.TestVerifyNinjaStore.webURLLoader(TestVerifyNinjaStore.java:37)
... Removed 31 stack frames]]>
    </failure>
  </testcase> <!-- @BeforeClass webURLLoader -->
  <testcase name="@AfterTest endDriver" time="0.0" classname="com.atmecs.validate_ninja_store.testbase.TestBase">
    <skipped/>
  </testcase> <!-- @AfterTest endDriver -->
  <testcase name="verifyNinjaStore" time="0.0" classname="com.atmecs.validate_ninja_store.testscripts.TestVerifyNinjaStore">
    <skipped/>
  </testcase> <!-- verifyNinjaStore -->
  <testcase name="verifyNinjaStore" time="1.224" classname="com.atmecs.validate_ninja_store.testscripts.TestVerifyNinjaStore">
    <failure type="java.lang.NullPointerException">
      <![CDATA[java.lang.NullPointerException
at com.atmecs.validate_ninja_store.extentreport.ExtentReportGenerater.onTestSkipped(ExtentReportGenerater.java:75)
... Removed 28 stack frames]]>
    </failure>
  </testcase> <!-- verifyNinjaStore -->
</testsuite> <!-- Test -->
