<?xml version="1.0" encoding="UTF-8"?>
<testng-results skipped="0" failed="0" ignored="0" total="1" passed="1">
  <reporter-output>
  </reporter-output>
  <suite name="Suite" duration-ms="88167" started-at="2019-11-08T15:25:41Z" finished-at="2019-11-08T15:27:09Z">
    <groups>
    </groups>
    <test name="Test" duration-ms="88167" started-at="2019-11-08T15:25:41Z" finished-at="2019-11-08T15:27:09Z">
      <class name="com.atmecs.validate_ninja_store.testscripts.TestVerifyHeatClinic">
        <test-method status="PASS" signature="baseSetup()[pri:0, instance:com.atmecs.validate_ninja_store.testscripts.TestVerifyHeatClinic@a38d7a3]" name="baseSetup" is-config="true" duration-ms="16078" started-at="2019-11-08T15:25:41Z" finished-at="2019-11-08T15:25:57Z">
          <reporter-output>
          </reporter-output>
        </test-method> <!-- baseSetup -->
        <test-method status="PASS" signature="webURLLoader()[pri:0, instance:com.atmecs.validate_ninja_store.testscripts.TestVerifyHeatClinic@a38d7a3]" name="webURLLoader" is-config="true" duration-ms="1634" started-at="2019-11-08T15:25:57Z" finished-at="2019-11-08T15:25:58Z">
          <reporter-output>
          </reporter-output>
        </test-method> <!-- webURLLoader -->
        <test-method status="PASS" signature="verifyHeatClinic([Ljava.lang.String;)[pri:0, instance:com.atmecs.validate_ninja_store.testscripts.TestVerifyHeatClinic@a38d7a3]" name="verifyHeatClinic" duration-ms="68423" started-at="2019-11-08T15:25:59Z" data-provider="testdata" finished-at="2019-11-08T15:27:08Z">
          <params>
            <param index="0">
              <value>
                <![CDATA[[Ljava.lang.String;@70dd7e15]]>
              </value>
            </param>
          </params>
          <reporter-output>
          </reporter-output>
        </test-method> <!-- verifyHeatClinic -->
        <test-method status="PASS" signature="endDriver()[pri:0, instance:com.atmecs.validate_ninja_store.testscripts.TestVerifyHeatClinic@a38d7a3]" name="endDriver" is-config="true" duration-ms="594" started-at="2019-11-08T15:27:08Z" finished-at="2019-11-08T15:27:09Z">
          <reporter-output>
          </reporter-output>
        </test-method> <!-- endDriver -->
      </class> <!-- com.atmecs.validate_ninja_store.testscripts.TestVerifyHeatClinic -->
    </test> <!-- Test -->
  </suite> <!-- Suite -->
</testng-results>
